Build started 2017-04-04 11:31:32 PM.
     1>Project "C:\Users\Martin\Dropbox\School\4th Year\CS 4442 - Artificial Intelligence II\Assignments\Assignment 3\A3_Remmy_Kilonzo\P2\P2\P2.vcxproj" on node 2 (Build target(s)).
     1>ClCompile:
         C:\Program Files (x86)\Microsoft Visual Studio\VC\bin\CL.exe /c /ZI /nologo /W3 /WX- /sdl /Od /Oy- /D WIN32 /D _DEBUG /D _WINDOWS /D _UNICODE /D UNICODE /Gm /EHsc /RTC1 /MDd /GS /fp:precise /Zc:wchar_t /Zc:forScope /Fo"Debug\\" /Fd"Debug\vc120.pdb" /Gd /TP /analyze- /errorReport:prompt P22.cpp
         P22.cpp
     1>c:\users\martin\dropbox\school\4th year\cs 4442 - artificial intelligence ii\assignments\assignment 3\a3_remmy_kilonzo\p2\p2\p22.cpp(23): warning C4800: 'int' : forcing value to bool 'true' or 'false' (performance warning)
     1>c:\users\martin\dropbox\school\4th year\cs 4442 - artificial intelligence ii\assignments\assignment 3\a3_remmy_kilonzo\p2\p2\p22.cpp(32): warning C4018: '<' : signed/unsigned mismatch
     1>c:\users\martin\dropbox\school\4th year\cs 4442 - artificial intelligence ii\assignments\assignment 3\a3_remmy_kilonzo\p2\p2\p22.cpp(35): warning C4018: '<' : signed/unsigned mismatch
       Link:
         C:\Program Files (x86)\Microsoft Visual Studio\VC\bin\link.exe /ERRORREPORT:PROMPT /OUT:"C:\Users\Martin\Dropbox\School\4th Year\CS 4442 - Artificial Intelligence II\Assignments\Assignment 3\A3_Remmy_Kilonzo\P2\Debug\P2.exe" /INCREMENTAL /NOLOGO kernel32.lib user32.lib gdi32.lib winspool.lib comdlg32.lib advapi32.lib shell32.lib ole32.lib oleaut32.lib uuid.lib odbc32.lib odbccp32.lib /MANIFEST /MANIFESTUAC:"level='asInvoker' uiAccess='false'" /manifest:embed /DEBUG /PDB:"C:\Users\Martin\Dropbox\School\4th Year\CS 4442 - Artificial Intelligence II\Assignments\Assignment 3\A3_Remmy_Kilonzo\P2\Debug\P2.pdb" /SUBSYSTEM:CONSOLE /TLBID:1 /DYNAMICBASE /NXCOMPAT /IMPLIB:"C:\Users\Martin\Dropbox\School\4th Year\CS 4442 - Artificial Intelligence II\Assignments\Assignment 3\A3_Remmy_Kilonzo\P2\Debug\P2.lib" /MACHINE:X86 Debug\fileRead.obj
         Debug\P2.obj
         Debug\P22.obj
     1>P22.obj : error LNK2005: _main already defined in P2.obj
     1>C:\Users\Martin\Dropbox\School\4th Year\CS 4442 - Artificial Intelligence II\Assignments\Assignment 3\A3_Remmy_Kilonzo\P2\Debug\P2.exe : fatal error LNK1169: one or more multiply defined symbols found
     1>Done Building Project "C:\Users\Martin\Dropbox\School\4th Year\CS 4442 - Artificial Intelligence II\Assignments\Assignment 3\A3_Remmy_Kilonzo\P2\P2\P2.vcxproj" (Build target(s)) -- FAILED.

Build FAILED.

Time Elapsed 00:00:02.11
